<?xml version="1.0" encoding="UTF-8"?>
<testng-results skipped="0" failed="0" ignored="0" total="1" passed="1">
  <reporter-output>
  </reporter-output>
  <suite name="Suite" duration-ms="8320" started-at="2021-02-24T09:39:24Z" finished-at="2021-02-24T09:39:33Z">
    <groups>
    </groups>
    <test name="Test" duration-ms="8320" started-at="2021-02-24T09:39:24Z" finished-at="2021-02-24T09:39:33Z">
      <class name="automationpractise.automationpractise.AutomationJob">
        <test-method status="PASS" signature="testMethod()[pri:0, instance:automationpractise.automationpractise.AutomationJob@6df97b55]" name="testMethod" duration-ms="8277" started-at="2021-02-24T09:39:24Z" finished-at="2021-02-24T09:39:33Z">
          <reporter-output>
          </reporter-output>
        </test-method> <!-- testMethod -->
      </class> <!-- automationpractise.automationpractise.AutomationJob -->
    </test> <!-- Test -->
  </suite> <!-- Suite -->
</testng-results>
