<?xml version="1.0" encoding="UTF-8"?>
<testng-results skipped="0" failed="0" ignored="0" total="1" passed="1">
  <reporter-output>
  </reporter-output>
  <suite name="Default suite" duration-ms="10314" started-at="2021-02-22T10:09:49Z" finished-at="2021-02-22T10:09:59Z">
    <groups>
    </groups>
    <test name="Default test" duration-ms="10314" started-at="2021-02-22T10:09:49Z" finished-at="2021-02-22T10:09:59Z">
      <class name="automationpractise.automationpractise.AutomationJob">
        <test-method status="PASS" signature="testMethod()[pri:0, instance:automationpractise.automationpractise.AutomationJob@643b1d11]" name="testMethod" duration-ms="10276" started-at="2021-02-22T10:09:49Z" finished-at="2021-02-22T10:09:59Z">
          <reporter-output>
          </reporter-output>
        </test-method> <!-- testMethod -->
      </class> <!-- automationpractise.automationpractise.AutomationJob -->
    </test> <!-- Default test -->
  </suite> <!-- Default suite -->
</testng-results>
