<?xml version="1.0" encoding="UTF-8"?>
<testng-results skipped="0" failed="0" ignored="0" total="1" passed="1">
  <reporter-output>
  </reporter-output>
  <suite name="Default suite" duration-ms="3864" started-at="2021-02-22T10:39:22Z" finished-at="2021-02-22T10:39:26Z">
    <groups>
    </groups>
    <test name="Default test" duration-ms="3864" started-at="2021-02-22T10:39:22Z" finished-at="2021-02-22T10:39:26Z">
      <class name="automationpractise.automationpractise.AutomationJob">
        <test-method status="PASS" signature="testMethod()[pri:0, instance:automationpractise.automationpractise.AutomationJob@77cd7a0]" name="testMethod" duration-ms="3831" started-at="2021-02-22T10:39:23Z" finished-at="2021-02-22T10:39:26Z">
          <reporter-output>
          </reporter-output>
        </test-method> <!-- testMethod -->
      </class> <!-- automationpractise.automationpractise.AutomationJob -->
    </test> <!-- Default test -->
  </suite> <!-- Default suite -->
</testng-results>
